app/build/intermediates/manifest_merge_blame_file/debug/manifest-merger-blame-debug-report.txt
1<?xml version="1.0" encoding="utf-8"?>
2<manifest xmlns:android="http://schemas.android.com/apk/res/android"
3    package="com.mihir.comments"
4    android:versionCode="1"
5    android:versionName="1.0" >
6
7    <uses-sdk
8        android:minSdkVersion="14"
8-->src/main/AndroidManifest.xml
9        android:targetSdkVersion="28" />
9-->src/main/AndroidManifest.xml
10
11    <application
11-->src/main/AndroidManifest.xml:5:5-25:19
12        android:name="com.mihir.comments.MainApplication"
12-->src/main/AndroidManifest.xml:6:9-58
13        android:allowBackup="true"
13-->src/main/AndroidManifest.xml:7:9-35
14        android:debuggable="true"
15        android:icon="@mipmap/ic_launcher"
15-->src/main/AndroidManifest.xml:8:9-43
16        android:label="@string/app_name"
16-->src/main/AndroidManifest.xml:9:9-41
17        android:roundIcon="@mipmap/ic_launcher_round"
17-->src/main/AndroidManifest.xml:10:9-54
18        android:supportsRtl="true"
18-->src/main/AndroidManifest.xml:11:9-35
19        android:theme="@style/AppTheme" >
19-->src/main/AndroidManifest.xml:12:9-40
20        <activity android:name="com.mihir.comments.MainActivity" >
20-->src/main/AndroidManifest.xml:13:9-19:20
20-->src/main/AndroidManifest.xml:13:19-65
21            <intent-filter>
21-->src/main/AndroidManifest.xml:14:13-18:29
22                <action android:name="android.intent.action.MAIN" />
22-->src/main/AndroidManifest.xml:15:17-69
22-->src/main/AndroidManifest.xml:15:25-66
23
24                <category android:name="android.intent.category.LAUNCHER" />
24-->src/main/AndroidManifest.xml:17:17-77
24-->src/main/AndroidManifest.xml:17:27-74
25            </intent-filter>
26        </activity>
27        <activity
27-->src/main/AndroidManifest.xml:20:9-24:20
28            android:name="com.mihir.comments.CommentsActivity"
28-->src/main/AndroidManifest.xml:21:13-63
29            android:theme="@style/Theme.Swipe.Back.NoActionBar" >
29-->src/main/AndroidManifest.xml:22:13-64
30        </activity>
31
32        <meta-data
32-->[com.android.support:appcompat-v7:25.4.0] AndroidManifest.xml:26:9-28:38
33            android:name="android.support.VERSION"
33-->[com.android.support:appcompat-v7:25.4.0] AndroidManifest.xml:27:13-51
34            android:value="25.4.0" />
34-->[com.android.support:appcompat-v7:25.4.0] AndroidManifest.xml:28:13-35
35    </application>
36
37</manifest>